<?xml version="1.0" encoding="UTF-8"?>
<testng-results skipped="0" failed="0" ignored="0" total="0" passed="0">
  <reporter-output>
  </reporter-output>
  <suite name="org.naic.mfl.se.challenge.WebTest" duration-ms="2" started-at="2019-01-22T05:32:31Z" finished-at="2019-01-22T05:32:31Z">
    <groups>
    </groups>
    <test name="Command line test" duration-ms="2" started-at="2019-01-22T05:32:31Z" finished-at="2019-01-22T05:32:31Z">
    </test> <!-- Command line test -->
  </suite> <!-- org.naic.mfl.se.challenge.WebTest -->
</testng-results>
